修复 职位列表页‘职位描述’html代码未删除问题
修复 后台应用升级日志排序问题
修复 删除‘每日生成百度开放平台数据’定时任务问题
修复 后台企业/个人，删除‘休眠用户提醒’菜单及配置参数
修复 后台‘管理员角色’列表排序问题（降序）
修复 后台‘地区’列表排序问题（降序）
修复 后台‘职位’列表排序问题（降序）
修复 后台‘专业’列表排序问题（降序）
修复 后台‘其它分类组’列表排序问题（降序）
修复 后台‘管理员’列表排序问题（降序）
修复 后台‘新闻分类’列表排序问题（降序）
修复 后台‘新闻属性’列表排序问题（降序）
修复 后台‘公告’列表排序问题（降序）
修复 后台‘公告分类’列表排序问题（降序）
修复 后台‘说明页’列表排序问题（降序）
修复 后台‘说明页分类’列表排序问题（降序）
修复 后台‘友情链接’列表排序问题（降序）
修复 后台‘工具箱’列表排序问题（降序）
修复 后台‘工具箱分类’列表排序问题（降序）
修复 后台‘帮助中心’列表排序问题（降序）
修复 后台‘帮助中心分类’列表排序问题（降序）
修复 后台‘广告’列表排序问题（降序）
修复 后台‘企业套餐’列表排序问题（降序）
修复 后台‘导航’列表排序问题（降序）
修复 后台‘短信服务商’列表排序问题（降序）
修复 后台工具箱分类排序不显示问题
修复 后台搜索关键字乱码问题
修复 部分用户nginx下__APP__获取错误问题
新增 后台增加购买套餐是允许积分提现
优化 伪静态中文编码因二次编码导致的url过长问题